<?xml version="1.0" encoding="UTF-8"?>
<!-- Generated by org.testng.reporters.JUnitXMLReporter -->
<testsuite ignored="0" hostname="DESKTOP-VN48HJ3" failures="0" tests="1" name="Test" time="0.156" errors="0" timestamp="2024-12-25T13:32:50 IST">
  <testcase classname="testBase.BaseClass" name="@BeforeClass setup" time="0.044">
    <failure type="java.lang.Error" message="Unresolved compilation problem: 
	Properties.Properties cannot be resolved to a type
">
      <![CDATA[java.lang.Error: Unresolved compilation problem: 
Properties.Properties cannot be resolved to a type

at testBase.BaseClass.setup(BaseClass.java:24)
at java.base/java.util.ArrayList.forEach(ArrayList.java:1511)
... Removed 25 stack frames]]>
    </failure>
  </testcase> <!-- @BeforeClass setup -->
  <testcase classname="testCases.TC01LoginTest" name="verify_login" time="0.0">
    <skipped/>
  </testcase> <!-- verify_login -->
</testsuite> <!-- Test -->
