<?xml version="1.0" encoding="UTF-8"?>
<testng-results ignored="0" total="1" passed="1" failed="0" skipped="0">
  <reporter-output>
  </reporter-output>
  <suite started-at="2024-12-29T16:30:34 IST" name="Suite" finished-at="2024-12-29T16:30:49 IST" duration-ms="14877">
    <groups>
    </groups>
    <test started-at="2024-12-29T16:30:34 IST" name="ChromeTest" finished-at="2024-12-29T16:30:49 IST" duration-ms="14877">
      <class name="testCases.TC01LoginTest">
        <test-method is-config="true" signature="setup(java.lang.String,java.lang.String)[pri:0, instance:testCases.TC01LoginTest@2e6a8155]" started-at="2024-12-29T16:30:35 IST" name="setup" finished-at="2024-12-29T16:30:43 IST" duration-ms="8505" status="PASS">
          <params>
            <param index="0">
              <value>
                <![CDATA[Windows]]>
              </value>
            </param>
            <param index="1">
              <value>
                <![CDATA[chrome]]>
              </value>
            </param>
          </params>
          <reporter-output>
          </reporter-output>
        </test-method> <!-- setup -->
        <test-method signature="verify_login()[pri:0, instance:testCases.TC01LoginTest@2e6a8155]" started-at="2024-12-29T16:30:43 IST" name="verify_login" finished-at="2024-12-29T16:30:49 IST" duration-ms="6320" status="PASS">
          <reporter-output>
          </reporter-output>
        </test-method> <!-- verify_login -->
      </class> <!-- testCases.TC01LoginTest -->
    </test> <!-- ChromeTest -->
  </suite> <!-- Suite -->
</testng-results>
